<?xml version="1.0" encoding="UTF-8"?>
<!-- Generated by org.testng.reporters.JUnitReportReporter -->
<testsuite skipped="0" hostname="BLT1207" name="testexample.keyboardoperation" tests="1" failures="0" timestamp="20 Feb 2020 04:54:22 GMT" time="111.763" errors="0">
  <testcase name="operation" time="111.763" classname="testexample.keyboardoperation"/>
</testsuite> <!-- testexample.keyboardoperation -->
