<?xml version="1.0" encoding="UTF-8"?>
<!-- Generated by org.testng.reporters.JUnitReportReporter -->
<testsuite skipped="0" hostname="BLT1207" name="testexample.dependsonmethod" tests="1" failures="0" timestamp="17 Feb 2020 11:08:02 GMT" time="0.025" errors="0">
  <testcase name="testcase1" time="0.025" classname="testexample.dependsonmethod"/>
</testsuite> <!-- testexample.dependsonmethod -->
