<?xml version="1.0" encoding="UTF-8"?>
<!-- Generated by org.testng.reporters.JUnitReportReporter -->
<testsuite skipped="0" hostname="BLT1207" name="seleniumdemo.windowhandling" tests="1" failures="0" timestamp="19 Feb 2020 11:13:29 GMT" time="140.631" errors="0">
  <testcase name="login" time="140.631" classname="seleniumdemo.windowhandling"/>
</testsuite> <!-- seleniumdemo.windowhandling -->
