<?xml version="1.0" encoding="UTF-8"?>
<!-- Generated by org.testng.reporters.JUnitReportReporter -->
<testsuite skipped="0" hostname="BLT1207" name="testexample.paralleltestcase1" tests="3" failures="0" timestamp="17 Feb 2020 08:53:54 GMT" time="0.024" errors="0">
  <testcase name="textcase4" time="0.024" classname="testexample.paralleltestcase1"/>
  <testcase name="textcase6" time="0.000" classname="testexample.paralleltestcase1"/>
  <testcase name="textcase5" time="0.000" classname="testexample.paralleltestcase1"/>
</testsuite> <!-- testexample.paralleltestcase1 -->
