<?xml version="1.0" encoding="UTF-8"?>
<!-- Generated by org.testng.reporters.JUnitReportReporter -->
<testsuite skipped="0" hostname="BLT1207" name="testexample.prioritytextcase" tests="3" failures="0" timestamp="17 Feb 2020 08:29:01 GMT" time="0.032" errors="0">
  <testcase name="testcase2" time="0.015" classname="testexample.prioritytextcase"/>
  <testcase name="testcas3" time="0.000" classname="testexample.prioritytextcase"/>
  <testcase name="testcase1" time="0.017" classname="testexample.prioritytextcase"/>
</testsuite> <!-- testexample.prioritytextcase -->
