<?xml version="1.0" encoding="UTF-8"?>
<!-- Generated by org.testng.reporters.JUnitReportReporter -->
<testsuite skipped="0" hostname="BLT1207" name="testexample.sampletestcase" tests="3" failures="0" timestamp="17 Feb 2020 08:06:40 GMT" time="0.015" errors="0">
  <testcase name="testcase3" time="0.000" classname="testexample.sampletestcase"/>
  <testcase name="testcase2" time="0.015" classname="testexample.sampletestcase"/>
  <testcase name="testcase1" time="0.000" classname="testexample.sampletestcase"/>
</testsuite> <!-- testexample.sampletestcase -->
