<?xml version="1.0" encoding="UTF-8"?>
<!-- Generated by org.testng.reporters.JUnitReportReporter -->
<testsuite skipped="0" hostname="BLT1207" name="testexample.paralleltextcase" tests="3" failures="0" timestamp="17 Feb 2020 08:53:54 GMT" time="0.025" errors="0">
  <testcase name="textcase1" time="0.025" classname="testexample.paralleltextcase"/>
  <testcase name="textcase2" time="0.000" classname="testexample.paralleltextcase"/>
  <testcase name="textcase3" time="0.000" classname="testexample.paralleltextcase"/>
</testsuite> <!-- testexample.paralleltextcase -->
