<?xml version="1.0" encoding="UTF-8"?>
<!-- Generated by org.testng.reporters.JUnitReportReporter -->
<testsuite skipped="0" hostname="BLT1207" name="testexample.headlessbrowser" tests="1" failures="0" timestamp="20 Feb 2020 06:28:42 GMT" time="3.487" errors="0">
  <testcase name="login" time="3.487" classname="testexample.headlessbrowser"/>
</testsuite> <!-- testexample.headlessbrowser -->
