<?xml version="1.0" encoding="UTF-8"?>
<!-- Generated by org.testng.reporters.JUnitReportReporter -->
<testsuite skipped="0" hostname="BLT1207" name="testcase.loginpages" tests="1" failures="0" timestamp="19 Feb 2020 09:46:01 GMT" time="6.539" errors="0">
  <testcase name="login" time="6.539" classname="testcase.loginpages"/>
</testsuite> <!-- testcase.loginpages -->
